<?xml version="1.0" encoding="UTF-8"?>
<testng-results ignored="0" total="5" passed="5" failed="0" skipped="0">
  <reporter-output>
  </reporter-output>
  <suite started-at="2022-11-08T19:31:04Z" name="Default suite" finished-at="2022-11-08T19:33:12Z" duration-ms="128036">
    <groups>
      <group name="cucumber">
        <method signature="AbstractTestNGCucumberTests.runScenario(cucumber.api.testng.PickleEventWrapper, cucumber.api.testng.CucumberFeatureWrapper)[pri:0, instance:testRunner.Runner@1b6e1eff]" name="runScenario" class="cucumber.api.testng.AbstractTestNGCucumberTests"/>
      </group> <!-- cucumber -->
    </groups>
    <test started-at="2022-11-08T19:31:04Z" name="Default test" finished-at="2022-11-08T19:33:12Z" duration-ms="128036">
      <class name="testRunner.Runner">
        <test-method is-config="true" signature="setUpClass()[pri:0, instance:testRunner.Runner@1b6e1eff]" started-at="2022-11-08T19:31:04Z" name="setUpClass" finished-at="2022-11-08T19:31:05Z" duration-ms="499" status="PASS">
          <reporter-output>
          </reporter-output>
        </test-method> <!-- setUpClass -->
        <test-method signature="runScenario(cucumber.api.testng.PickleEventWrapper, cucumber.api.testng.CucumberFeatureWrapper)[pri:0, instance:testRunner.Runner@1b6e1eff]" started-at="2022-11-08T19:31:05Z" name="runScenario" description="Runs Cucumber Scenarios" data-provider="scenarios" finished-at="2022-11-08T19:31:30Z" duration-ms="25155" status="PASS">
          <params>
            <param index="0">
              <value>
                <![CDATA["Verify user should be able to login to application"]]>
              </value>
            </param>
            <param index="1">
              <value>
                <![CDATA["Login functionality of OrangHRM application"]]>
              </value>
            </param>
          </params>
          <reporter-output>
          </reporter-output>
        </test-method> <!-- runScenario -->
        <test-method signature="runScenario(cucumber.api.testng.PickleEventWrapper, cucumber.api.testng.CucumberFeatureWrapper)[pri:0, instance:testRunner.Runner@1b6e1eff]" started-at="2022-11-08T19:31:30Z" name="runScenario" description="Runs Cucumber Scenarios" data-provider="scenarios" finished-at="2022-11-08T19:31:57Z" duration-ms="27170" status="PASS">
          <params>
            <param index="0">
              <value>
                <![CDATA["Verify user should be able to login to application by parameterization concept"]]>
              </value>
            </param>
            <param index="1">
              <value>
                <![CDATA["Login functionality of OrangHRM application"]]>
              </value>
            </param>
          </params>
          <reporter-output>
          </reporter-output>
        </test-method> <!-- runScenario -->
        <test-method signature="runScenario(cucumber.api.testng.PickleEventWrapper, cucumber.api.testng.CucumberFeatureWrapper)[pri:0, instance:testRunner.Runner@1b6e1eff]" started-at="2022-11-08T19:31:57Z" name="runScenario" description="Runs Cucumber Scenarios" data-provider="scenarios" finished-at="2022-11-08T19:32:22Z" duration-ms="24890" status="PASS">
          <params>
            <param index="0">
              <value>
                <![CDATA["Verify user should be able to login to application by Data Table"]]>
              </value>
            </param>
            <param index="1">
              <value>
                <![CDATA["Login functionality of OrangHRM application"]]>
              </value>
            </param>
          </params>
          <reporter-output>
          </reporter-output>
        </test-method> <!-- runScenario -->
        <test-method signature="runScenario(cucumber.api.testng.PickleEventWrapper, cucumber.api.testng.CucumberFeatureWrapper)[pri:0, instance:testRunner.Runner@1b6e1eff]" started-at="2022-11-08T19:32:22Z" name="runScenario" description="Runs Cucumber Scenarios" data-provider="scenarios" finished-at="2022-11-08T19:32:46Z" duration-ms="23599" status="PASS">
          <params>
            <param index="0">
              <value>
                <![CDATA["Verify user should be able to login to application by Data Table"]]>
              </value>
            </param>
            <param index="1">
              <value>
                <![CDATA["Login functionality of OrangHRM application"]]>
              </value>
            </param>
          </params>
          <reporter-output>
          </reporter-output>
        </test-method> <!-- runScenario -->
        <test-method signature="runScenario(cucumber.api.testng.PickleEventWrapper, cucumber.api.testng.CucumberFeatureWrapper)[pri:0, instance:testRunner.Runner@1b6e1eff]" started-at="2022-11-08T19:32:46Z" name="runScenario" description="Runs Cucumber Scenarios" data-provider="scenarios" finished-at="2022-11-08T19:33:12Z" duration-ms="26015" status="PASS">
          <params>
            <param index="0">
              <value>
                <![CDATA["Verify user should be able to login to application by Data Table"]]>
              </value>
            </param>
            <param index="1">
              <value>
                <![CDATA["Login functionality of OrangHRM application"]]>
              </value>
            </param>
          </params>
          <reporter-output>
          </reporter-output>
        </test-method> <!-- runScenario -->
        <test-method is-config="true" signature="tearDownClass()[pri:0, instance:testRunner.Runner@1b6e1eff]" started-at="2022-11-08T19:33:12Z" name="tearDownClass" finished-at="2022-11-08T19:33:12Z" duration-ms="629" status="PASS">
          <reporter-output>
          </reporter-output>
        </test-method> <!-- tearDownClass -->
      </class> <!-- testRunner.Runner -->
    </test> <!-- Default test -->
  </suite> <!-- Default suite -->
</testng-results>
